\BOOKMARK [0][-]{chapter.1}{\376\377\000N\000a\000m\000e\000s\000p\000a\000c\000e\000\040\000I\000n\000d\000e\000x}{}% 1
\BOOKMARK [1][-]{section.1.1}{\376\377\000N\000a\000m\000e\000s\000p\000a\000c\000e\000\040\000L\000i\000s\000t}{chapter.1}% 2
\BOOKMARK [0][-]{chapter.2}{\376\377\000C\000l\000a\000s\000s\000\040\000I\000n\000d\000e\000x}{}% 3
\BOOKMARK [1][-]{section.2.1}{\376\377\000C\000l\000a\000s\000s\000\040\000L\000i\000s\000t}{chapter.2}% 4
\BOOKMARK [0][-]{chapter.3}{\376\377\000F\000i\000l\000e\000\040\000I\000n\000d\000e\000x}{}% 5
\BOOKMARK [1][-]{section.3.1}{\376\377\000F\000i\000l\000e\000\040\000L\000i\000s\000t}{chapter.3}% 6
\BOOKMARK [0][-]{chapter.4}{\376\377\000N\000a\000m\000e\000s\000p\000a\000c\000e\000\040\000D\000o\000c\000u\000m\000e\000n\000t\000a\000t\000i\000o\000n}{}% 7
\BOOKMARK [1][-]{section.4.1}{\376\377\000U\000i\000\040\000N\000a\000m\000e\000s\000p\000a\000c\000e\000\040\000R\000e\000f\000e\000r\000e\000n\000c\000e}{chapter.4}% 8
\BOOKMARK [0][-]{chapter.5}{\376\377\000C\000l\000a\000s\000s\000\040\000D\000o\000c\000u\000m\000e\000n\000t\000a\000t\000i\000o\000n}{}% 9
\BOOKMARK [1][-]{section.5.1}{\376\377\000C\000a\000l\000i\000b\000r\000a\000t\000i\000o\000n\000\040\000C\000l\000a\000s\000s\000\040\000R\000e\000f\000e\000r\000e\000n\000c\000e}{chapter.5}% 10
\BOOKMARK [2][-]{subsection.5.1.1}{\376\377\000D\000e\000t\000a\000i\000l\000e\000d\000\040\000D\000e\000s\000c\000r\000i\000p\000t\000i\000o\000n}{section.5.1}% 11
\BOOKMARK [2][-]{subsection.5.1.2}{\376\377\000M\000e\000m\000b\000e\000r\000\040\000T\000y\000p\000e\000d\000e\000f\000\040\000D\000o\000c\000u\000m\000e\000n\000t\000a\000t\000i\000o\000n}{section.5.1}% 12
\BOOKMARK [3][-]{subsubsection.5.1.2.1}{\376\377\000D\000a\000t\000a\000T\000y\000p\000e}{subsection.5.1.2}% 13
\BOOKMARK [2][-]{subsection.5.1.3}{\376\377\000M\000e\000m\000b\000e\000r\000\040\000F\000u\000n\000c\000t\000i\000o\000n\000\040\000D\000o\000c\000u\000m\000e\000n\000t\000a\000t\000i\000o\000n}{section.5.1}% 14
\BOOKMARK [3][-]{subsubsection.5.1.3.1}{\376\377\000C\000a\000l\000i\000b\000r\000a\000t\000e}{subsection.5.1.3}% 15
\BOOKMARK [3][-]{subsubsection.5.1.3.2}{\376\377\000C\000l\000e\000a\000r\000I\000m\000a\000g\000e\000P\000o\000i\000n\000t\000s}{subsection.5.1.3}% 16
\BOOKMARK [3][-]{subsubsection.5.1.3.3}{\376\377\000C\000l\000e\000a\000r\000T\000r\000a\000n\000s\000f\000o\000r\000m\000a\000t\000i\000o\000n\000s}{subsection.5.1.3}% 17
\BOOKMARK [3][-]{subsubsection.5.1.3.4}{\376\377\000g\000e\000t\000E\000s\000t\000i\000m\000a\000t\000e\000d\000U\000S\000C\000a\000l\000i\000b\000r\000a\000t\000i\000o\000n\000P\000a\000r\000a\000m\000e\000t\000e\000r\000s}{subsection.5.1.3}% 18
\BOOKMARK [3][-]{subsubsection.5.1.3.5}{\376\377\000I\000n\000s\000e\000r\000t\000I\000m\000a\000g\000e\000P\000o\000i\000n\000t\000s}{subsection.5.1.3}% 19
\BOOKMARK [3][-]{subsubsection.5.1.3.6}{\376\377\000I\000n\000s\000e\000r\000t\000T\000r\000a\000n\000s\000f\000o\000r\000m\000a\000t\000i\000o\000n\000s}{subsection.5.1.3}% 20
\BOOKMARK [3][-]{subsubsection.5.1.3.7}{\376\377\000N\000e\000w}{subsection.5.1.3}% 21
\BOOKMARK [2][-]{subsection.5.1.4}{\376\377\000M\000e\000m\000b\000e\000r\000\040\000D\000a\000t\000a\000\040\000D\000o\000c\000u\000m\000e\000n\000t\000a\000t\000i\000o\000n}{section.5.1}% 22
\BOOKMARK [3][-]{subsubsection.5.1.4.1}{\376\377\000d\000a\000t\000a}{subsection.5.1.4}% 23
\BOOKMARK [3][-]{subsubsection.5.1.4.2}{\376\377\000e\000s\000t\000i\000m\000a\000t\000e\000d\000U\000S\000C\000a\000l\000i\000b\000r\000a\000t\000i\000o\000n\000P\000a\000r\000a\000m\000e\000t\000e\000r\000s}{subsection.5.1.4}% 24
\BOOKMARK [3][-]{subsubsection.5.1.4.3}{\376\377\000i\000m\000a\000g\000e\000P\000o\000i\000n\000t\000s}{subsection.5.1.4}% 25
\BOOKMARK [3][-]{subsubsection.5.1.4.4}{\376\377\000t\000r\000a\000n\000s\000f\000o\000r\000m\000a\000t\000i\000o\000n\000s}{subsection.5.1.4}% 26
\BOOKMARK [1][-]{section.5.2}{\376\377\000C\000r\000o\000p\000I\000m\000a\000g\000e\000s\000W\000i\000d\000g\000e\000t\000\040\000C\000l\000a\000s\000s\000\040\000R\000e\000f\000e\000r\000e\000n\000c\000e}{chapter.5}% 27
\BOOKMARK [2][-]{subsection.5.2.1}{\376\377\000D\000e\000t\000a\000i\000l\000e\000d\000\040\000D\000e\000s\000c\000r\000i\000p\000t\000i\000o\000n}{section.5.2}% 28
\BOOKMARK [2][-]{subsection.5.2.2}{\376\377\000C\000o\000n\000s\000t\000r\000u\000c\000t\000o\000r\000\040\000\046\000\040\000D\000e\000s\000t\000r\000u\000c\000t\000o\000r\000\040\000D\000o\000c\000u\000m\000e\000n\000t\000a\000t\000i\000o\000n}{section.5.2}% 29
\BOOKMARK [3][-]{subsubsection.5.2.2.1}{\376\377\000C\000r\000o\000p\000I\000m\000a\000g\000e\000s\000W\000i\000d\000g\000e\000t}{subsection.5.2.2}% 30
\BOOKMARK [3][-]{subsubsection.5.2.2.2}{\376\377\000C\000r\000o\000p\000I\000m\000a\000g\000e\000s\000W\000i\000d\000g\000e\000t}{subsection.5.2.2}% 31
\BOOKMARK [2][-]{subsection.5.2.3}{\376\377\000M\000e\000m\000b\000e\000r\000\040\000F\000u\000n\000c\000t\000i\000o\000n\000\040\000D\000o\000c\000u\000m\000e\000n\000t\000a\000t\000i\000o\000n}{section.5.2}% 32
\BOOKMARK [3][-]{subsubsection.5.2.3.1}{\376\377\000c\000r\000o\000p}{subsection.5.2.3}% 33
\BOOKMARK [3][-]{subsubsection.5.2.3.2}{\376\377\000c\000r\000o\000p\000P\000r\000o\000b\000e\000I\000m\000a\000g\000e}{subsection.5.2.3}% 34
\BOOKMARK [3][-]{subsubsection.5.2.3.3}{\376\377\000s\000a\000v\000e}{subsection.5.2.3}% 35
\BOOKMARK [3][-]{subsubsection.5.2.3.4}{\376\377\000s\000e\000t\000I\000m\000a\000g\000e}{subsection.5.2.3}% 36
\BOOKMARK [3][-]{subsubsection.5.2.3.5}{\376\377\000s\000e\000t\000I\000m\000a\000g\000e\000S\000t\000a\000c\000k}{subsection.5.2.3}% 37
\BOOKMARK [3][-]{subsubsection.5.2.3.6}{\376\377\000s\000e\000t\000M\000a\000i\000n\000W\000i\000n\000d\000o\000w}{subsection.5.2.3}% 38
\BOOKMARK [2][-]{subsection.5.2.4}{\376\377\000M\000e\000m\000b\000e\000r\000\040\000D\000a\000t\000a\000\040\000D\000o\000c\000u\000m\000e\000n\000t\000a\000t\000i\000o\000n}{section.5.2}% 39
\BOOKMARK [3][-]{subsubsection.5.2.4.1}{\376\377\000c\000r\000o\000p\000I\000m\000a\000g\000e}{subsection.5.2.4}% 40
\BOOKMARK [3][-]{subsubsection.5.2.4.2}{\376\377\000c\000r\000o\000p\000S\000t\000a\000c\000k}{subsection.5.2.4}% 41
\BOOKMARK [3][-]{subsubsection.5.2.4.3}{\376\377\000i\000m\000a\000g\000e}{subsection.5.2.4}% 42
\BOOKMARK [3][-]{subsubsection.5.2.4.4}{\376\377\000i\000m\000a\000g\000e\000S\000t\000a\000c\000k}{subsection.5.2.4}% 43
\BOOKMARK [3][-]{subsubsection.5.2.4.5}{\376\377\000m\000a\000i\000n\000W\000i\000n\000d\000o\000w}{subsection.5.2.4}% 44
\BOOKMARK [3][-]{subsubsection.5.2.4.6}{\376\377\000u\000i}{subsection.5.2.4}% 45
\BOOKMARK [3][-]{subsubsection.5.2.4.7}{\376\377\000w\000o\000r\000k\000W\000i\000t\000h\000S\000t\000a\000c\000k}{subsection.5.2.4}% 46
\BOOKMARK [1][-]{section.5.3}{\376\377\000M\000a\000i\000n\000W\000i\000n\000d\000o\000w\000\040\000C\000l\000a\000s\000s\000\040\000R\000e\000f\000e\000r\000e\000n\000c\000e}{chapter.5}% 47
\BOOKMARK [2][-]{subsection.5.3.1}{\376\377\000D\000e\000t\000a\000i\000l\000e\000d\000\040\000D\000e\000s\000c\000r\000i\000p\000t\000i\000o\000n}{section.5.3}% 48
\BOOKMARK [2][-]{subsection.5.3.2}{\376\377\000C\000o\000n\000s\000t\000r\000u\000c\000t\000o\000r\000\040\000\046\000\040\000D\000e\000s\000t\000r\000u\000c\000t\000o\000r\000\040\000D\000o\000c\000u\000m\000e\000n\000t\000a\000t\000i\000o\000n}{section.5.3}% 49
\BOOKMARK [3][-]{subsubsection.5.3.2.1}{\376\377\000M\000a\000i\000n\000W\000i\000n\000d\000o\000w}{subsection.5.3.2}% 50
\BOOKMARK [3][-]{subsubsection.5.3.2.2}{\376\377\000M\000a\000i\000n\000W\000i\000n\000d\000o\000w}{subsection.5.3.2}% 51
\BOOKMARK [2][-]{subsection.5.3.3}{\376\377\000M\000e\000m\000b\000e\000r\000\040\000F\000u\000n\000c\000t\000i\000o\000n\000\040\000D\000o\000c\000u\000m\000e\000n\000t\000a\000t\000i\000o\000n}{section.5.3}% 52
\BOOKMARK [3][-]{subsubsection.5.3.3.1}{\376\377\000a\000d\000d\000I\000m\000a\000g\000e\000s}{subsection.5.3.3}% 53
\BOOKMARK [3][-]{subsubsection.5.3.3.2}{\376\377\000a\000d\000d\000L\000o\000g\000T\000e\000x\000t}{subsection.5.3.3}% 54
\BOOKMARK [3][-]{subsubsection.5.3.3.3}{\376\377\000c\000r\000o\000p\000I\000m\000a\000g\000e\000s}{subsection.5.3.3}% 55
\BOOKMARK [3][-]{subsubsection.5.3.3.4}{\376\377\000d\000i\000s\000p\000l\000a\000y\000S\000e\000l\000e\000c\000t\000e\000d\000I\000m\000a\000g\000e}{subsection.5.3.3}% 56
\BOOKMARK [3][-]{subsubsection.5.3.3.5}{\376\377\000g\000e\000t\000D\000i\000s\000p\000l\000a\000y\000W\000i\000d\000g\000e\000t}{subsection.5.3.3}% 57
\BOOKMARK [3][-]{subsubsection.5.3.3.6}{\376\377\000o\000p\000e\000n\000V\000o\000l\000u\000m\000e}{subsection.5.3.3}% 58
\BOOKMARK [3][-]{subsubsection.5.3.3.7}{\376\377\000o\000p\000e\000n\000V\000o\000l\000u\000m\000e\000D\000a\000t\000a}{subsection.5.3.3}% 59
\BOOKMARK [3][-]{subsubsection.5.3.3.8}{\376\377\000p\000r\000i\000n\000t}{subsection.5.3.3}% 60
\BOOKMARK [3][-]{subsubsection.5.3.3.9}{\376\377\000p\000r\000o\000b\000e\000C\000a\000l\000i\000b\000r\000a\000t\000i\000o\000n}{subsection.5.3.3}% 61
\BOOKMARK [3][-]{subsubsection.5.3.3.10}{\376\377\000s\000e\000t\000S\000e\000l\000e\000c\000t\000e\000d\000O\000p\000a\000c\000i\000t\000y}{subsection.5.3.3}% 62
\BOOKMARK [3][-]{subsubsection.5.3.3.11}{\376\377\000v\000o\000l\000u\000m\000e\000R\000e\000c\000o\000n\000s\000t\000r\000u\000c\000t\000i\000o\000n}{subsection.5.3.3}% 63
\BOOKMARK [2][-]{subsection.5.3.4}{\376\377\000M\000e\000m\000b\000e\000r\000\040\000D\000a\000t\000a\000\040\000D\000o\000c\000u\000m\000e\000n\000t\000a\000t\000i\000o\000n}{section.5.3}% 64
\BOOKMARK [3][-]{subsubsection.5.3.4.1}{\376\377\000C\000o\000n\000n\000e\000c\000t\000i\000o\000n\000s}{subsection.5.3.4}% 65
\BOOKMARK [3][-]{subsubsection.5.3.4.2}{\376\377\000d\000i\000s\000p\000l\000a\000y\000W\000i\000d\000g\000e\000t}{subsection.5.3.4}% 66
\BOOKMARK [3][-]{subsubsection.5.3.4.3}{\376\377\000i\000m\000a\000g\000e\000s\000F\000i\000l\000e\000n\000a\000m\000e\000s}{subsection.5.3.4}% 67
\BOOKMARK [3][-]{subsubsection.5.3.4.4}{\376\377\000t\000e\000x\000t\000O\000n\000T\000e\000x\000t\000A\000r\000e\000a}{subsection.5.3.4}% 68
\BOOKMARK [3][-]{subsubsection.5.3.4.5}{\376\377\000u\000i}{subsection.5.3.4}% 69
\BOOKMARK [3][-]{subsubsection.5.3.4.6}{\376\377\000v\000o\000l\000u\000m\000e\000C\000a\000l\000i\000b\000r\000a\000t\000i\000o\000n\000D\000a\000t\000a}{subsection.5.3.4}% 70
\BOOKMARK [3][-]{subsubsection.5.3.4.7}{\376\377\000v\000o\000l\000u\000m\000e\000F\000i\000l\000e\000n\000a\000m\000e}{subsection.5.3.4}% 71
\BOOKMARK [3][-]{subsubsection.5.3.4.8}{\376\377\000v\000o\000l\000u\000m\000e\000I\000m\000a\000g\000e\000s\000F\000i\000l\000e\000n\000a\000m\000e\000s}{subsection.5.3.4}% 72
\BOOKMARK [3][-]{subsubsection.5.3.4.9}{\376\377\000v\000o\000l\000u\000m\000e\000R\000o\000t\000a\000t\000i\000o\000n\000D\000a\000t\000a}{subsection.5.3.4}% 73
\BOOKMARK [3][-]{subsubsection.5.3.4.10}{\376\377\000v\000o\000l\000u\000m\000e\000T\000r\000a\000n\000s\000l\000a\000t\000i\000o\000n\000D\000a\000t\000a}{subsection.5.3.4}% 74
\BOOKMARK [1][-]{section.5.4}{\376\377\000P\000r\000o\000b\000e\000C\000a\000l\000i\000b\000r\000a\000t\000i\000o\000n\000W\000i\000d\000g\000e\000t\000\040\000C\000l\000a\000s\000s\000\040\000R\000e\000f\000e\000r\000e\000n\000c\000e}{chapter.5}% 75
\BOOKMARK [2][-]{subsection.5.4.1}{\376\377\000D\000e\000t\000a\000i\000l\000e\000d\000\040\000D\000e\000s\000c\000r\000i\000p\000t\000i\000o\000n}{section.5.4}% 76
\BOOKMARK [2][-]{subsection.5.4.2}{\376\377\000C\000o\000n\000s\000t\000r\000u\000c\000t\000o\000r\000\040\000\046\000\040\000D\000e\000s\000t\000r\000u\000c\000t\000o\000r\000\040\000D\000o\000c\000u\000m\000e\000n\000t\000a\000t\000i\000o\000n}{section.5.4}% 77
\BOOKMARK [3][-]{subsubsection.5.4.2.1}{\376\377\000P\000r\000o\000b\000e\000C\000a\000l\000i\000b\000r\000a\000t\000i\000o\000n\000W\000i\000d\000g\000e\000t}{subsection.5.4.2}% 78
\BOOKMARK [3][-]{subsubsection.5.4.2.2}{\376\377\000P\000r\000o\000b\000e\000C\000a\000l\000i\000b\000r\000a\000t\000i\000o\000n\000W\000i\000d\000g\000e\000t}{subsection.5.4.2}% 79
\BOOKMARK [2][-]{subsection.5.4.3}{\376\377\000M\000e\000m\000b\000e\000r\000\040\000F\000u\000n\000c\000t\000i\000o\000n\000\040\000D\000o\000c\000u\000m\000e\000n\000t\000a\000t\000i\000o\000n}{section.5.4}% 80
\BOOKMARK [3][-]{subsubsection.5.4.3.1}{\376\377\000c\000a\000l\000i\000b\000r\000a\000t\000e}{subsection.5.4.3}% 81
\BOOKMARK [3][-]{subsubsection.5.4.3.2}{\376\377\000c\000r\000o\000p}{subsection.5.4.3}% 82
\BOOKMARK [3][-]{subsubsection.5.4.3.3}{\376\377\000c\000r\000o\000p\000P\000r\000o\000b\000e\000I\000m\000a\000g\000e}{subsection.5.4.3}% 83
\BOOKMARK [3][-]{subsubsection.5.4.3.4}{\376\377\000g\000e\000t\000C\000o\000o\000r\000d\000i\000n\000a\000t\000e\000s}{subsection.5.4.3}% 84
\BOOKMARK [3][-]{subsubsection.5.4.3.5}{\376\377\000l\000o\000a\000d\000R\000o\000t\000a\000t\000i\000o\000n\000s\000F\000i\000l\000e}{subsection.5.4.3}% 85
\BOOKMARK [3][-]{subsubsection.5.4.3.6}{\376\377\000l\000o\000a\000d\000T\000r\000a\000n\000s\000l\000a\000t\000i\000o\000n\000s\000F\000i\000l\000e}{subsection.5.4.3}% 86
\BOOKMARK [3][-]{subsubsection.5.4.3.7}{\376\377\000s\000a\000v\000e\000C\000a\000l\000i\000b\000r\000a\000t\000i\000o\000n}{subsection.5.4.3}% 87
\BOOKMARK [3][-]{subsubsection.5.4.3.8}{\376\377\000s\000e\000t\000I\000m\000a\000g\000e}{subsection.5.4.3}% 88
\BOOKMARK [3][-]{subsubsection.5.4.3.9}{\376\377\000s\000e\000t\000I\000m\000a\000g\000e\000S\000t\000a\000c\000k}{subsection.5.4.3}% 89
\BOOKMARK [3][-]{subsubsection.5.4.3.10}{\376\377\000s\000e\000t\000M\000a\000i\000n\000W\000i\000n\000d\000o\000w}{subsection.5.4.3}% 90
\BOOKMARK [2][-]{subsection.5.4.4}{\376\377\000M\000e\000m\000b\000e\000r\000\040\000D\000a\000t\000a\000\040\000D\000o\000c\000u\000m\000e\000n\000t\000a\000t\000i\000o\000n}{section.5.4}% 91
\BOOKMARK [3][-]{subsubsection.5.4.4.1}{\376\377\000c\000a\000l\000i\000b\000r\000a\000t\000i\000o\000n\000P\000a\000r\000a\000m\000e\000t\000e\000r\000s}{subsection.5.4.4}% 92
\BOOKMARK [3][-]{subsubsection.5.4.4.2}{\376\377\000c\000o\000o\000r\000d\000s}{subsection.5.4.4}% 93
\BOOKMARK [3][-]{subsubsection.5.4.4.3}{\376\377\000i\000m\000a\000g\000e}{subsection.5.4.4}% 94
\BOOKMARK [3][-]{subsubsection.5.4.4.4}{\376\377\000i\000m\000a\000g\000e\000S\000t\000a\000c\000k}{subsection.5.4.4}% 95
\BOOKMARK [3][-]{subsubsection.5.4.4.5}{\376\377\000m\000a\000i\000n\000W\000i\000n\000d\000o\000w}{subsection.5.4.4}% 96
\BOOKMARK [3][-]{subsubsection.5.4.4.6}{\376\377\000r\000o\000t\000a\000t\000i\000o\000n\000s}{subsection.5.4.4}% 97
\BOOKMARK [3][-]{subsubsection.5.4.4.7}{\376\377\000r\000o\000t\000a\000t\000i\000o\000n\000s\000\137\0002}{subsection.5.4.4}% 98
\BOOKMARK [3][-]{subsubsection.5.4.4.8}{\376\377\000t\000r\000a\000n\000s\000l\000a\000t\000i\000o\000n\000s}{subsection.5.4.4}% 99
\BOOKMARK [3][-]{subsubsection.5.4.4.9}{\376\377\000w\000o\000r\000k\000W\000i\000t\000h\000S\000t\000a\000c\000k}{subsection.5.4.4}% 100
\BOOKMARK [1][-]{section.5.5}{\376\377\000Q\000V\000T\000K\000I\000m\000a\000g\000e\000W\000i\000d\000g\000e\000t\000\040\000C\000l\000a\000s\000s\000\040\000R\000e\000f\000e\000r\000e\000n\000c\000e}{chapter.5}% 101
\BOOKMARK [2][-]{subsection.5.5.1}{\376\377\000D\000e\000t\000a\000i\000l\000e\000d\000\040\000D\000e\000s\000c\000r\000i\000p\000t\000i\000o\000n}{section.5.5}% 102
\BOOKMARK [2][-]{subsection.5.5.2}{\376\377\000C\000o\000n\000s\000t\000r\000u\000c\000t\000o\000r\000\040\000\046\000\040\000D\000e\000s\000t\000r\000u\000c\000t\000o\000r\000\040\000D\000o\000c\000u\000m\000e\000n\000t\000a\000t\000i\000o\000n}{section.5.5}% 103
\BOOKMARK [3][-]{subsubsection.5.5.2.1}{\376\377\000Q\000V\000T\000K\000I\000m\000a\000g\000e\000W\000i\000d\000g\000e\000t}{subsection.5.5.2}% 104
\BOOKMARK [3][-]{subsubsection.5.5.2.2}{\376\377\000Q\000V\000T\000K\000I\000m\000a\000g\000e\000W\000i\000d\000g\000e\000t}{subsection.5.5.2}% 105
\BOOKMARK [2][-]{subsection.5.5.3}{\376\377\000M\000e\000m\000b\000e\000r\000\040\000F\000u\000n\000c\000t\000i\000o\000n\000\040\000D\000o\000c\000u\000m\000e\000n\000t\000a\000t\000i\000o\000n}{section.5.5}% 106
\BOOKMARK [3][-]{subsubsection.5.5.3.1}{\376\377\000c\000o\000m\000p\000u\000t\000e\000T\000r\000a\000n\000s\000f\000o\000r\000m\000a\000t\000i\000o\000n}{subsection.5.5.3}% 107
\BOOKMARK [3][-]{subsubsection.5.5.3.2}{\376\377\000d\000i\000s\000p\000l\000a\000y\000I\000m\000a\000g\000e}{subsection.5.5.3}% 108
\BOOKMARK [3][-]{subsubsection.5.5.3.3}{\376\377\000d\000i\000s\000p\000l\000a\000y\000S\000e\000l\000e\000c\000t\000e\000d\000I\000m\000a\000g\000e}{subsection.5.5.3}% 109
\BOOKMARK [3][-]{subsubsection.5.5.3.4}{\376\377\000d\000i\000s\000p\000l\000a\000y\000V\000o\000l\000u\000m\000e}{subsection.5.5.3}% 110
\BOOKMARK [3][-]{subsubsection.5.5.3.5}{\376\377\000d\000i\000s\000p\000l\000a\000y\000V\000o\000l\000u\000m\000e\000I\000m\000a\000g\000e\000s}{subsection.5.5.3}% 111
\BOOKMARK [3][-]{subsubsection.5.5.3.6}{\376\377\000g\000e\000t\000I\000m\000a\000g\000e\000D\000i\000s\000p\000l\000a\000y\000e\000d\000I\000n\000d\000e\000x}{subsection.5.5.3}% 112
\BOOKMARK [3][-]{subsubsection.5.5.3.7}{\376\377\000g\000e\000t\000I\000m\000a\000g\000e\000H\000e\000i\000g\000t\000h}{subsection.5.5.3}% 113
\BOOKMARK [3][-]{subsubsection.5.5.3.8}{\376\377\000g\000e\000t\000I\000m\000a\000g\000e\000S\000i\000z\000e}{subsection.5.5.3}% 114
\BOOKMARK [3][-]{subsubsection.5.5.3.9}{\376\377\000g\000e\000t\000I\000m\000a\000g\000e\000S\000t\000a\000c\000k}{subsection.5.5.3}% 115
\BOOKMARK [3][-]{subsubsection.5.5.3.10}{\376\377\000g\000e\000t\000I\000m\000a\000g\000e\000T\000y\000p\000e}{subsection.5.5.3}% 116
\BOOKMARK [3][-]{subsubsection.5.5.3.11}{\376\377\000g\000e\000t\000I\000m\000a\000g\000e\000V\000i\000e\000w\000e\000r}{subsection.5.5.3}% 117
\BOOKMARK [3][-]{subsubsection.5.5.3.12}{\376\377\000g\000e\000t\000I\000m\000a\000g\000e\000W\000i\000d\000t\000h}{subsection.5.5.3}% 118
\BOOKMARK [3][-]{subsubsection.5.5.3.13}{\376\377\000g\000e\000t\000N\000u\000m\000O\000f\000D\000i\000m\000e\000s\000i\000o\000n\000s}{subsection.5.5.3}% 119
\BOOKMARK [3][-]{subsubsection.5.5.3.14}{\376\377\000g\000e\000t\000P\000i\000x\000e\000l\000T\000y\000p\000e}{subsection.5.5.3}% 120
\BOOKMARK [3][-]{subsubsection.5.5.3.15}{\376\377\000g\000e\000t\000Q\000V\000T\000K\000W\000i\000d\000g\000e\000t}{subsection.5.5.3}% 121
\BOOKMARK [3][-]{subsubsection.5.5.3.16}{\376\377\000g\000e\000t\000T\000r\000a\000n\000s\000f\000o\000r\000m\000S\000c\000a\000l\000e}{subsection.5.5.3}% 122
\BOOKMARK [3][-]{subsubsection.5.5.3.17}{\376\377\000g\000e\000t\000T\000r\000a\000n\000s\000f\000o\000r\000m\000S\000t\000a\000c\000k}{subsection.5.5.3}% 123
\BOOKMARK [3][-]{subsubsection.5.5.3.18}{\376\377\000g\000e\000t\000V\000o\000l\000u\000m\000e\000I\000m\000a\000g\000e\000S\000t\000a\000c\000k}{subsection.5.5.3}% 124
\BOOKMARK [3][-]{subsubsection.5.5.3.19}{\376\377\000g\000e\000t\000X\000P\000i\000c\000k\000e\000d}{subsection.5.5.3}% 125
\BOOKMARK [3][-]{subsubsection.5.5.3.20}{\376\377\000g\000e\000t\000Y\000P\000i\000c\000k\000e\000d}{subsection.5.5.3}% 126
\BOOKMARK [3][-]{subsubsection.5.5.3.21}{\376\377\000s\000e\000t\000A\000n\000d\000D\000i\000s\000p\000l\000a\000y\000I\000m\000a\000g\000e}{subsection.5.5.3}% 127
\BOOKMARK [3][-]{subsubsection.5.5.3.22}{\376\377\000s\000e\000t\000A\000n\000d\000D\000i\000s\000p\000l\000a\000y\000I\000m\000a\000g\000e}{subsection.5.5.3}% 128
\BOOKMARK [3][-]{subsubsection.5.5.3.23}{\376\377\000s\000e\000t\000A\000n\000d\000D\000i\000s\000p\000l\000a\000y\000M\000u\000l\000t\000i\000p\000l\000e\000I\000m\000a\000g\000e\000s}{subsection.5.5.3}% 129
\BOOKMARK [3][-]{subsubsection.5.5.3.24}{\376\377\000s\000e\000t\000A\000n\000d\000D\000i\000s\000p\000l\000a\000y\000M\000u\000l\000t\000i\000p\000l\000e\000I\000m\000a\000g\000e\000s}{subsection.5.5.3}% 130
\BOOKMARK [3][-]{subsubsection.5.5.3.25}{\376\377\000s\000e\000t\000A\000n\000d\000D\000i\000s\000p\000l\000a\000y\000V\000o\000l\000u\000m\000e}{subsection.5.5.3}% 131
\BOOKMARK [3][-]{subsubsection.5.5.3.26}{\376\377\000s\000e\000t\000A\000n\000d\000D\000i\000s\000p\000l\000a\000y\000V\000o\000l\000u\000m\000e}{subsection.5.5.3}% 132
\BOOKMARK [3][-]{subsubsection.5.5.3.27}{\376\377\000s\000e\000t\000A\000n\000d\000D\000i\000s\000p\000l\000a\000y\000V\000o\000l\000u\000m\000e\000I\000m\000a\000g\000e\000s}{subsection.5.5.3}% 133
\BOOKMARK [3][-]{subsubsection.5.5.3.28}{\376\377\000s\000e\000t\000I\000m\000a\000g\000e\000P\000r\000o\000p\000e\000r\000t\000i\000e\000s}{subsection.5.5.3}% 134
\BOOKMARK [3][-]{subsubsection.5.5.3.29}{\376\377\000s\000e\000t\000V\000o\000l\000u\000m\000e\000D\000a\000t\000a}{subsection.5.5.3}% 135
\BOOKMARK [3][-]{subsubsection.5.5.3.30}{\376\377\000s\000e\000t\000V\000o\000l\000u\000m\000e\000O\000p\000a\000c\000i\000t\000y}{subsection.5.5.3}% 136
\BOOKMARK [3][-]{subsubsection.5.5.3.31}{\376\377\000s\000e\000t\000V\000o\000l\000u\000m\000e\000O\000r\000i\000g\000i\000n}{subsection.5.5.3}% 137
\BOOKMARK [3][-]{subsubsection.5.5.3.32}{\376\377\000s\000e\000t\000X\000P\000i\000c\000k\000e\000d}{subsection.5.5.3}% 138
\BOOKMARK [3][-]{subsubsection.5.5.3.33}{\376\377\000s\000e\000t\000Y\000P\000i\000c\000k\000e\000d}{subsection.5.5.3}% 139
\BOOKMARK [2][-]{subsection.5.5.4}{\376\377\000M\000e\000m\000b\000e\000r\000\040\000D\000a\000t\000a\000\040\000D\000o\000c\000u\000m\000e\000n\000t\000a\000t\000i\000o\000n}{section.5.5}% 140
\BOOKMARK [3][-]{subsubsection.5.5.4.1}{\376\377\000c\000o\000r\000n\000e\000r\000A\000n\000n\000o\000t\000a\000t\000i\000o\000n}{subsection.5.5.4}% 141
\BOOKMARK [3][-]{subsubsection.5.5.4.2}{\376\377\000i\000m\000a\000g\000e\000D\000i\000s\000p\000l\000a\000y\000e\000d\000I\000n\000d\000e\000x}{subsection.5.5.4}% 142
\BOOKMARK [3][-]{subsubsection.5.5.4.3}{\376\377\000i\000m\000a\000g\000e\000H\000e\000i\000g\000h\000t}{subsection.5.5.4}% 143
\BOOKMARK [3][-]{subsubsection.5.5.4.4}{\376\377\000i\000m\000a\000g\000e\000S\000t\000a\000c\000k}{subsection.5.5.4}% 144
\BOOKMARK [3][-]{subsubsection.5.5.4.5}{\376\377\000i\000m\000a\000g\000e\000T\000y\000p\000e}{subsection.5.5.4}% 145
\BOOKMARK [3][-]{subsubsection.5.5.4.6}{\376\377\000i\000m\000a\000g\000e\000V\000i\000e\000w\000e\000r}{subsection.5.5.4}% 146
\BOOKMARK [3][-]{subsubsection.5.5.4.7}{\376\377\000i\000m\000a\000g\000e\000W\000i\000d\000t\000h}{subsection.5.5.4}% 147
\BOOKMARK [3][-]{subsubsection.5.5.4.8}{\376\377\000i\000s\000I\000m\000a\000g\000e\000S\000t\000a\000c\000k\000L\000o\000a\000d\000e\000d}{subsection.5.5.4}% 148
\BOOKMARK [3][-]{subsubsection.5.5.4.9}{\376\377\000i\000s\000V\000o\000l\000u\000m\000e\000I\000m\000a\000g\000e\000S\000t\000a\000c\000k\000L\000o\000a\000d\000e\000d}{subsection.5.5.4}% 149
\BOOKMARK [3][-]{subsubsection.5.5.4.10}{\376\377\000i\000t\000k\000I\000m\000a\000g\000e}{subsection.5.5.4}% 150
\BOOKMARK [3][-]{subsubsection.5.5.4.11}{\376\377\000n\000u\000m\000D\000i\000m\000e\000n\000s\000i\000o\000n\000s}{subsection.5.5.4}% 151
\BOOKMARK [3][-]{subsubsection.5.5.4.12}{\376\377\000o\000p\000a\000c\000i\000t\000y\000P\000o\000i\000n\000t}{subsection.5.5.4}% 152
\BOOKMARK [3][-]{subsubsection.5.5.4.13}{\376\377\000p\000i\000x\000e\000l\000T\000y\000p\000e}{subsection.5.5.4}% 153
\BOOKMARK [3][-]{subsubsection.5.5.4.14}{\376\377\000q\000v\000t\000k\000W\000i\000d\000g\000e\000t}{subsection.5.5.4}% 154
\BOOKMARK [3][-]{subsubsection.5.5.4.15}{\376\377\000r\000e\000n\000d\000e\000r\000e\000r}{subsection.5.5.4}% 155
\BOOKMARK [3][-]{subsubsection.5.5.4.16}{\376\377\000r\000e\000n\000w\000i\000n}{subsection.5.5.4}% 156
\BOOKMARK [3][-]{subsubsection.5.5.4.17}{\376\377\000r\000g\000b\000I\000t\000k\000I\000m\000a\000g\000e}{subsection.5.5.4}% 157
\BOOKMARK [3][-]{subsubsection.5.5.4.18}{\376\377\000s\000c\000a\000l\000e}{subsection.5.5.4}% 158
\BOOKMARK [3][-]{subsubsection.5.5.4.19}{\376\377\000t\000r\000a\000n\000s\000f\000o\000r\000m\000S\000t\000a\000c\000k}{subsection.5.5.4}% 159
\BOOKMARK [3][-]{subsubsection.5.5.4.20}{\376\377\000v\000o\000l\000u\000m\000e}{subsection.5.5.4}% 160
\BOOKMARK [3][-]{subsubsection.5.5.4.21}{\376\377\000v\000o\000l\000u\000m\000e\000D\000a\000t\000a}{subsection.5.5.4}% 161
\BOOKMARK [3][-]{subsubsection.5.5.4.22}{\376\377\000v\000o\000l\000u\000m\000e\000D\000a\000t\000a\000C\000a\000l\000i\000b\000r\000a\000t\000i\000o\000n}{subsection.5.5.4}% 162
\BOOKMARK [3][-]{subsubsection.5.5.4.23}{\376\377\000v\000o\000l\000u\000m\000e\000D\000a\000t\000a\000R\000o\000t\000a\000t\000i\000o\000n\000s}{subsection.5.5.4}% 163
\BOOKMARK [3][-]{subsubsection.5.5.4.24}{\376\377\000v\000o\000l\000u\000m\000e\000D\000a\000t\000a\000T\000r\000a\000n\000s\000l\000a\000t\000i\000o\000n\000s}{subsection.5.5.4}% 164
\BOOKMARK [3][-]{subsubsection.5.5.4.25}{\376\377\000v\000o\000l\000u\000m\000e\000I\000m\000a\000g\000e\000A\000c\000t\000o\000r\000S\000t\000a\000c\000k}{subsection.5.5.4}% 165
\BOOKMARK [3][-]{subsubsection.5.5.4.26}{\376\377\000v\000o\000l\000u\000m\000e\000I\000m\000a\000g\000e\000S\000t\000a\000c\000k}{subsection.5.5.4}% 166
\BOOKMARK [3][-]{subsubsection.5.5.4.27}{\376\377\000v\000o\000l\000u\000m\000e\000P\000r\000o\000p\000e\000r\000t\000y}{subsection.5.5.4}% 167
\BOOKMARK [3][-]{subsubsection.5.5.4.28}{\376\377\000v\000o\000l\000u\000m\000e\000S\000c\000a\000l\000a\000r\000O\000p\000a\000c\000i\000t\000y}{subsection.5.5.4}% 168
\BOOKMARK [3][-]{subsubsection.5.5.4.29}{\376\377\000v\000t\000k\000I\000m\000a\000g\000e}{subsection.5.5.4}% 169
\BOOKMARK [3][-]{subsubsection.5.5.4.30}{\376\377\000x\000P\000i\000c\000k\000e\000d}{subsection.5.5.4}% 170
\BOOKMARK [3][-]{subsubsection.5.5.4.31}{\376\377\000x\000P\000o\000s\000i\000t\000i\000o\000n}{subsection.5.5.4}% 171
\BOOKMARK [3][-]{subsubsection.5.5.4.32}{\376\377\000y\000P\000i\000c\000k\000e\000d}{subsection.5.5.4}% 172
\BOOKMARK [3][-]{subsubsection.5.5.4.33}{\376\377\000y\000P\000o\000s\000i\000t\000i\000o\000n}{subsection.5.5.4}% 173
\BOOKMARK [1][-]{section.5.6}{\376\377\000Q\000V\000T\000K\000I\000m\000a\000g\000e\000W\000i\000d\000g\000e\000t\000C\000o\000m\000m\000a\000n\000d\000\040\000C\000l\000a\000s\000s\000\040\000R\000e\000f\000e\000r\000e\000n\000c\000e}{chapter.5}% 174
\BOOKMARK [2][-]{subsection.5.6.1}{\376\377\000D\000e\000t\000a\000i\000l\000e\000d\000\040\000D\000e\000s\000c\000r\000i\000p\000t\000i\000o\000n}{section.5.6}% 175
\BOOKMARK [2][-]{subsection.5.6.2}{\376\377\000C\000o\000n\000s\000t\000r\000u\000c\000t\000o\000r\000\040\000\046\000\040\000D\000e\000s\000t\000r\000u\000c\000t\000o\000r\000\040\000D\000o\000c\000u\000m\000e\000n\000t\000a\000t\000i\000o\000n}{section.5.6}% 176
\BOOKMARK [3][-]{subsubsection.5.6.2.1}{\376\377\000Q\000V\000T\000K\000I\000m\000a\000g\000e\000W\000i\000d\000g\000e\000t\000C\000o\000m\000m\000a\000n\000d}{subsection.5.6.2}% 177
\BOOKMARK [3][-]{subsubsection.5.6.2.2}{\376\377\000Q\000V\000T\000K\000I\000m\000a\000g\000e\000W\000i\000d\000g\000e\000t\000C\000o\000m\000m\000a\000n\000d}{subsection.5.6.2}% 178
\BOOKMARK [2][-]{subsection.5.6.3}{\376\377\000M\000e\000m\000b\000e\000r\000\040\000F\000u\000n\000c\000t\000i\000o\000n\000\040\000D\000o\000c\000u\000m\000e\000n\000t\000a\000t\000i\000o\000n}{section.5.6}% 179
\BOOKMARK [3][-]{subsubsection.5.6.3.1}{\376\377\000E\000x\000e\000c\000u\000t\000e}{subsection.5.6.3}% 180
\BOOKMARK [3][-]{subsubsection.5.6.3.2}{\376\377\000N\000e\000w}{subsection.5.6.3}% 181
\BOOKMARK [3][-]{subsubsection.5.6.3.3}{\376\377\000S\000e\000t\000A\000n\000n\000o\000t\000a\000t\000i\000o\000n}{subsection.5.6.3}% 182
\BOOKMARK [3][-]{subsubsection.5.6.3.4}{\376\377\000S\000e\000t\000I\000m\000a\000g\000e\000W\000i\000d\000g\000e\000t}{subsection.5.6.3}% 183
\BOOKMARK [3][-]{subsubsection.5.6.3.5}{\376\377\000S\000e\000t\000P\000i\000c\000k\000e\000r}{subsection.5.6.3}% 184
\BOOKMARK [2][-]{subsection.5.6.4}{\376\377\000M\000e\000m\000b\000e\000r\000\040\000D\000a\000t\000a\000\040\000D\000o\000c\000u\000m\000e\000n\000t\000a\000t\000i\000o\000n}{section.5.6}% 185
\BOOKMARK [3][-]{subsubsection.5.6.4.1}{\376\377\000A\000n\000n\000o\000t\000a\000t\000i\000o\000n}{subsection.5.6.4}% 186
\BOOKMARK [3][-]{subsubsection.5.6.4.2}{\376\377\000I\000m\000a\000g\000e\000W\000i\000d\000g\000e\000t}{subsection.5.6.4}% 187
\BOOKMARK [3][-]{subsubsection.5.6.4.3}{\376\377\000P\000i\000c\000k\000e\000r}{subsection.5.6.4}% 188
\BOOKMARK [1][-]{section.5.7}{\376\377\000V\000o\000l\000u\000m\000e\000R\000e\000c\000o\000n\000s\000t\000r\000u\000c\000t\000i\000o\000n\000\040\000C\000l\000a\000s\000s\000\040\000R\000e\000f\000e\000r\000e\000n\000c\000e}{chapter.5}% 189
\BOOKMARK [2][-]{subsection.5.7.1}{\376\377\000D\000e\000t\000a\000i\000l\000e\000d\000\040\000D\000e\000s\000c\000r\000i\000p\000t\000i\000o\000n}{section.5.7}% 190
\BOOKMARK [2][-]{subsection.5.7.2}{\376\377\000M\000e\000m\000b\000e\000r\000\040\000F\000u\000n\000c\000t\000i\000o\000n\000\040\000D\000o\000c\000u\000m\000e\000n\000t\000a\000t\000i\000o\000n}{section.5.7}% 191
\BOOKMARK [3][-]{subsubsection.5.7.2.1}{\376\377\000c\000a\000l\000c\000I\000m\000a\000g\000e\000P\000l\000a\000n\000e}{subsection.5.7.2}% 192
\BOOKMARK [3][-]{subsubsection.5.7.2.2}{\376\377\000c\000a\000l\000c\000M\000a\000x\000D\000i\000s\000t\000a\000n\000c\000e}{subsection.5.7.2}% 193
\BOOKMARK [3][-]{subsubsection.5.7.2.3}{\376\377\000c\000a\000l\000c\000V\000o\000x\000e\000l\000V\000a\000l\000u\000e}{subsection.5.7.2}% 194
\BOOKMARK [3][-]{subsubsection.5.7.2.4}{\376\377\000g\000e\000n\000e\000r\000a\000t\000e\000V\000o\000l\000u\000m\000e}{subsection.5.7.2}% 195
\BOOKMARK [3][-]{subsubsection.5.7.2.5}{\376\377\000N\000e\000w}{subsection.5.7.2}% 196
\BOOKMARK [3][-]{subsubsection.5.7.2.6}{\376\377\000s\000e\000t\000I\000m\000a\000g\000e\000B\000o\000u\000n\000d\000s\000S\000t\000a\000c\000k}{subsection.5.7.2}% 197
\BOOKMARK [3][-]{subsubsection.5.7.2.7}{\376\377\000s\000e\000t\000S\000c\000a\000l\000e}{subsection.5.7.2}% 198
\BOOKMARK [3][-]{subsubsection.5.7.2.8}{\376\377\000s\000e\000t\000T\000r\000a\000n\000s\000f\000o\000r\000m\000S\000t\000a\000c\000k}{subsection.5.7.2}% 199
\BOOKMARK [3][-]{subsubsection.5.7.2.9}{\376\377\000s\000e\000t\000V\000o\000l\000u\000m\000e\000I\000m\000a\000g\000e\000S\000t\000a\000c\000k}{subsection.5.7.2}% 200
\BOOKMARK [3][-]{subsubsection.5.7.2.10}{\376\377\000s\000e\000t\000V\000o\000l\000u\000m\000e\000O\000r\000i\000g\000i\000n}{subsection.5.7.2}% 201
\BOOKMARK [3][-]{subsubsection.5.7.2.11}{\376\377\000s\000e\000t\000V\000o\000l\000u\000m\000e\000S\000i\000z\000e}{subsection.5.7.2}% 202
\BOOKMARK [2][-]{subsection.5.7.3}{\376\377\000M\000e\000m\000b\000e\000r\000\040\000D\000a\000t\000a\000\040\000D\000o\000c\000u\000m\000e\000n\000t\000a\000t\000i\000o\000n}{section.5.7}% 203
\BOOKMARK [3][-]{subsubsection.5.7.3.1}{\376\377\000i\000m\000a\000g\000e\000B\000o\000u\000n\000d\000s\000X\000S\000t\000a\000c\000k}{subsection.5.7.3}% 204
\BOOKMARK [3][-]{subsubsection.5.7.3.2}{\376\377\000i\000m\000a\000g\000e\000B\000o\000u\000n\000d\000s\000Y\000S\000t\000a\000c\000k}{subsection.5.7.3}% 205
\BOOKMARK [3][-]{subsubsection.5.7.3.3}{\376\377\000i\000m\000a\000g\000e\000B\000o\000u\000n\000d\000s\000Z\000S\000t\000a\000c\000k}{subsection.5.7.3}% 206
\BOOKMARK [3][-]{subsubsection.5.7.3.4}{\376\377\000i\000m\000a\000g\000e\000P\000l\000a\000n\000e\000S\000t\000a\000c\000k}{subsection.5.7.3}% 207
\BOOKMARK [3][-]{subsubsection.5.7.3.5}{\376\377\000m\000a\000x\000D\000i\000s\000t\000a\000n\000c\000e}{subsection.5.7.3}% 208
\BOOKMARK [3][-]{subsubsection.5.7.3.6}{\376\377\000s\000c\000a\000l\000e}{subsection.5.7.3}% 209
\BOOKMARK [3][-]{subsubsection.5.7.3.7}{\376\377\000t\000r\000a\000n\000s\000f\000o\000r\000m\000S\000t\000a\000c\000k}{subsection.5.7.3}% 210
\BOOKMARK [3][-]{subsubsection.5.7.3.8}{\376\377\000v\000o\000l\000u\000m\000e\000I\000m\000a\000g\000e\000S\000t\000a\000c\000k}{subsection.5.7.3}% 211
\BOOKMARK [3][-]{subsubsection.5.7.3.9}{\376\377\000v\000o\000l\000u\000m\000e\000O\000r\000i\000g\000i\000n}{subsection.5.7.3}% 212
\BOOKMARK [3][-]{subsubsection.5.7.3.10}{\376\377\000v\000o\000l\000u\000m\000e\000S\000i\000z\000e}{subsection.5.7.3}% 213
\BOOKMARK [1][-]{section.5.8}{\376\377\000V\000o\000l\000u\000m\000e\000R\000e\000c\000o\000n\000s\000t\000r\000u\000c\000t\000i\000o\000n\000W\000i\000d\000g\000e\000t\000\040\000C\000l\000a\000s\000s\000\040\000R\000e\000f\000e\000r\000e\000n\000c\000e}{chapter.5}% 214
\BOOKMARK [2][-]{subsection.5.8.1}{\376\377\000D\000e\000t\000a\000i\000l\000e\000d\000\040\000D\000e\000s\000c\000r\000i\000p\000t\000i\000o\000n}{section.5.8}% 215
\BOOKMARK [2][-]{subsection.5.8.2}{\376\377\000C\000o\000n\000s\000t\000r\000u\000c\000t\000o\000r\000\040\000\046\000\040\000D\000e\000s\000t\000r\000u\000c\000t\000o\000r\000\040\000D\000o\000c\000u\000m\000e\000n\000t\000a\000t\000i\000o\000n}{section.5.8}% 216
\BOOKMARK [3][-]{subsubsection.5.8.2.1}{\376\377\000V\000o\000l\000u\000m\000e\000R\000e\000c\000o\000n\000s\000t\000r\000u\000c\000t\000i\000o\000n\000W\000i\000d\000g\000e\000t}{subsection.5.8.2}% 217
\BOOKMARK [3][-]{subsubsection.5.8.2.2}{\376\377\000V\000o\000l\000u\000m\000e\000R\000e\000c\000o\000n\000s\000t\000r\000u\000c\000t\000i\000o\000n\000W\000i\000d\000g\000e\000t}{subsection.5.8.2}% 218
\BOOKMARK [2][-]{subsection.5.8.3}{\376\377\000M\000e\000m\000b\000e\000r\000\040\000F\000u\000n\000c\000t\000i\000o\000n\000\040\000D\000o\000c\000u\000m\000e\000n\000t\000a\000t\000i\000o\000n}{section.5.8}% 219
\BOOKMARK [3][-]{subsubsection.5.8.3.1}{\376\377\000c\000a\000l\000c\000I\000m\000a\000g\000e\000B\000o\000u\000n\000d\000s}{subsection.5.8.3}% 220
\BOOKMARK [3][-]{subsubsection.5.8.3.2}{\376\377\000c\000a\000l\000c\000I\000m\000a\000g\000e\000C\000o\000o\000r\000d\000s}{subsection.5.8.3}% 221
\BOOKMARK [3][-]{subsubsection.5.8.3.3}{\376\377\000c\000a\000l\000c\000V\000o\000l\000u\000m\000e\000S\000i\000z\000e}{subsection.5.8.3}% 222
\BOOKMARK [3][-]{subsubsection.5.8.3.4}{\376\377\000d\000i\000s\000p\000l\000a\000y\000V\000o\000l\000u\000m\000e}{subsection.5.8.3}% 223
\BOOKMARK [3][-]{subsubsection.5.8.3.5}{\376\377\000g\000e\000n\000e\000r\000a\000t\000e}{subsection.5.8.3}% 224
\BOOKMARK [3][-]{subsubsection.5.8.3.6}{\376\377\000s\000a\000v\000e}{subsection.5.8.3}% 225
\BOOKMARK [3][-]{subsubsection.5.8.3.7}{\376\377\000s\000e\000t\000D\000i\000s\000p\000l\000a\000y\000P\000r\000o\000p\000e\000r\000t\000i\000e\000s}{subsection.5.8.3}% 226
\BOOKMARK [3][-]{subsubsection.5.8.3.8}{\376\377\000s\000e\000t\000M\000a\000i\000n\000W\000i\000n\000d\000o\000w}{subsection.5.8.3}% 227
\BOOKMARK [3][-]{subsubsection.5.8.3.9}{\376\377\000s\000e\000t\000T\000r\000a\000n\000s\000f\000o\000r\000m\000S\000t\000a\000c\000k}{subsection.5.8.3}% 228
\BOOKMARK [3][-]{subsubsection.5.8.3.10}{\376\377\000s\000e\000t\000V\000o\000l\000u\000m\000e\000C\000o\000l\000o\000r\000M\000a\000p}{subsection.5.8.3}% 229
\BOOKMARK [3][-]{subsubsection.5.8.3.11}{\376\377\000s\000e\000t\000V\000o\000l\000u\000m\000e\000I\000m\000a\000g\000e\000S\000t\000a\000c\000k}{subsection.5.8.3}% 230
\BOOKMARK [3][-]{subsubsection.5.8.3.12}{\376\377\000s\000e\000t\000V\000o\000l\000u\000m\000e\000O\000p\000a\000c\000i\000t\000y}{subsection.5.8.3}% 231
\BOOKMARK [2][-]{subsection.5.8.4}{\376\377\000M\000e\000m\000b\000e\000r\000\040\000D\000a\000t\000a\000\040\000D\000o\000c\000u\000m\000e\000n\000t\000a\000t\000i\000o\000n}{section.5.8}% 232
\BOOKMARK [3][-]{subsubsection.5.8.4.1}{\376\377\000i\000m\000a\000g\000e\000B\000o\000u\000n\000d\000s\000X\000S\000t\000a\000c\000k}{subsection.5.8.4}% 233
\BOOKMARK [3][-]{subsubsection.5.8.4.2}{\376\377\000i\000m\000a\000g\000e\000B\000o\000u\000n\000d\000s\000Y\000S\000t\000a\000c\000k}{subsection.5.8.4}% 234
\BOOKMARK [3][-]{subsubsection.5.8.4.3}{\376\377\000i\000m\000a\000g\000e\000B\000o\000u\000n\000d\000s\000Z\000S\000t\000a\000c\000k}{subsection.5.8.4}% 235
\BOOKMARK [3][-]{subsubsection.5.8.4.4}{\376\377\000i\000m\000a\000g\000e\000C\000o\000o\000r\000d\000s\000X\000S\000t\000a\000c\000k}{subsection.5.8.4}% 236
\BOOKMARK [3][-]{subsubsection.5.8.4.5}{\376\377\000i\000m\000a\000g\000e\000C\000o\000o\000r\000d\000s\000Y\000S\000t\000a\000c\000k}{subsection.5.8.4}% 237
\BOOKMARK [3][-]{subsubsection.5.8.4.6}{\376\377\000i\000m\000a\000g\000e\000C\000o\000o\000r\000d\000s\000Z\000S\000t\000a\000c\000k}{subsection.5.8.4}% 238
\BOOKMARK [3][-]{subsubsection.5.8.4.7}{\376\377\000m\000a\000i\000n\000W\000i\000n\000d\000o\000w}{subsection.5.8.4}% 239
\BOOKMARK [3][-]{subsubsection.5.8.4.8}{\376\377\000s\000c\000a\000l\000e}{subsection.5.8.4}% 240
\BOOKMARK [3][-]{subsubsection.5.8.4.9}{\376\377\000t\000r\000a\000n\000s\000f\000o\000r\000m\000S\000t\000a\000c\000k}{subsection.5.8.4}% 241
\BOOKMARK [3][-]{subsubsection.5.8.4.10}{\376\377\000u\000i}{subsection.5.8.4}% 242
\BOOKMARK [3][-]{subsubsection.5.8.4.11}{\376\377\000v\000o\000l\000u\000m\000e}{subsection.5.8.4}% 243
\BOOKMARK [3][-]{subsubsection.5.8.4.12}{\376\377\000v\000o\000l\000u\000m\000e\000D\000a\000t\000a}{subsection.5.8.4}% 244
\BOOKMARK [3][-]{subsubsection.5.8.4.13}{\376\377\000v\000o\000l\000u\000m\000e\000F\000i\000n\000a\000l}{subsection.5.8.4}% 245
\BOOKMARK [3][-]{subsubsection.5.8.4.14}{\376\377\000v\000o\000l\000u\000m\000e\000I\000m\000a\000g\000e\000S\000t\000a\000c\000k}{subsection.5.8.4}% 246
\BOOKMARK [3][-]{subsubsection.5.8.4.15}{\376\377\000v\000o\000l\000u\000m\000e\000O\000r\000i\000g\000i\000n}{subsection.5.8.4}% 247
\BOOKMARK [3][-]{subsubsection.5.8.4.16}{\376\377\000v\000o\000l\000u\000m\000e\000P\000r\000o\000p\000e\000r\000t\000y}{subsection.5.8.4}% 248
\BOOKMARK [3][-]{subsubsection.5.8.4.17}{\376\377\000v\000o\000l\000u\000m\000e\000S\000i\000z\000e}{subsection.5.8.4}% 249
\BOOKMARK [0][-]{chapter.6}{\376\377\000F\000i\000l\000e\000\040\000D\000o\000c\000u\000m\000e\000n\000t\000a\000t\000i\000o\000n}{}% 250
\BOOKMARK [1][-]{section.6.1}{\376\377\000C\000a\000l\000i\000b\000r\000a\000t\000i\000o\000n\000.\000c\000p\000p\000\040\000F\000i\000l\000e\000\040\000R\000e\000f\000e\000r\000e\000n\000c\000e}{chapter.6}% 251
\BOOKMARK [1][-]{section.6.2}{\376\377\000C\000a\000l\000i\000b\000r\000a\000t\000i\000o\000n\000.\000h\000\040\000F\000i\000l\000e\000\040\000R\000e\000f\000e\000r\000e\000n\000c\000e}{chapter.6}% 252
\BOOKMARK [1][-]{section.6.3}{\376\377\000C\000r\000o\000p\000I\000m\000a\000g\000e\000s\000W\000i\000d\000g\000e\000t\000.\000c\000p\000p\000\040\000F\000i\000l\000e\000\040\000R\000e\000f\000e\000r\000e\000n\000c\000e}{chapter.6}% 253
\BOOKMARK [1][-]{section.6.4}{\376\377\000C\000r\000o\000p\000I\000m\000a\000g\000e\000s\000W\000i\000d\000g\000e\000t\000.\000h\000\040\000F\000i\000l\000e\000\040\000R\000e\000f\000e\000r\000e\000n\000c\000e}{chapter.6}% 254
\BOOKMARK [1][-]{section.6.5}{\376\377\000m\000a\000i\000n\000.\000c\000p\000p\000\040\000F\000i\000l\000e\000\040\000R\000e\000f\000e\000r\000e\000n\000c\000e}{chapter.6}% 255
\BOOKMARK [2][-]{subsection.6.5.1}{\376\377\000F\000u\000n\000c\000t\000i\000o\000n\000\040\000D\000o\000c\000u\000m\000e\000n\000t\000a\000t\000i\000o\000n}{section.6.5}% 256
\BOOKMARK [3][-]{subsubsection.6.5.1.1}{\376\377\000m\000a\000i\000n}{subsection.6.5.1}% 257
\BOOKMARK [1][-]{section.6.6}{\376\377\000m\000a\000i\000n\000w\000i\000n\000d\000o\000w\000.\000c\000p\000p\000\040\000F\000i\000l\000e\000\040\000R\000e\000f\000e\000r\000e\000n\000c\000e}{chapter.6}% 258
\BOOKMARK [1][-]{section.6.7}{\376\377\000m\000a\000i\000n\000w\000i\000n\000d\000o\000w\000.\000h\000\040\000F\000i\000l\000e\000\040\000R\000e\000f\000e\000r\000e\000n\000c\000e}{chapter.6}% 259
\BOOKMARK [1][-]{section.6.8}{\376\377\000P\000r\000o\000b\000e\000C\000a\000l\000i\000b\000r\000a\000t\000i\000o\000n\000W\000i\000d\000g\000e\000t\000.\000c\000p\000p\000\040\000F\000i\000l\000e\000\040\000R\000e\000f\000e\000r\000e\000n\000c\000e}{chapter.6}% 260
\BOOKMARK [2][-]{subsection.6.8.1}{\376\377\000V\000a\000r\000i\000a\000b\000l\000e\000\040\000D\000o\000c\000u\000m\000e\000n\000t\000a\000t\000i\000o\000n}{section.6.8}% 261
\BOOKMARK [3][-]{subsubsection.6.8.1.1}{\376\377\000s\000e\000t\000C\000o\000o\000r\000d\000s\000S\000i\000z\000e}{subsection.6.8.1}% 262
\BOOKMARK [1][-]{section.6.9}{\376\377\000P\000r\000o\000b\000e\000C\000a\000l\000i\000b\000r\000a\000t\000i\000o\000n\000W\000i\000d\000g\000e\000t\000.\000h\000\040\000F\000i\000l\000e\000\040\000R\000e\000f\000e\000r\000e\000n\000c\000e}{chapter.6}% 263
\BOOKMARK [1][-]{section.6.10}{\376\377\000Q\000V\000T\000K\000I\000m\000a\000g\000e\000W\000i\000d\000g\000e\000t\000.\000c\000p\000p\000\040\000F\000i\000l\000e\000\040\000R\000e\000f\000e\000r\000e\000n\000c\000e}{chapter.6}% 264
\BOOKMARK [1][-]{section.6.11}{\376\377\000Q\000V\000T\000K\000I\000m\000a\000g\000e\000W\000i\000d\000g\000e\000t\000.\000h\000\040\000F\000i\000l\000e\000\040\000R\000e\000f\000e\000r\000e\000n\000c\000e}{chapter.6}% 265
\BOOKMARK [2][-]{subsection.6.11.1}{\376\377\000T\000y\000p\000e\000d\000e\000f\000\040\000D\000o\000c\000u\000m\000e\000n\000t\000a\000t\000i\000o\000n}{section.6.11}% 266
\BOOKMARK [3][-]{subsubsection.6.11.1.1}{\376\377\000I\000m\000a\000g\000e\000T\000y\000p\000e}{subsection.6.11.1}% 267
\BOOKMARK [3][-]{subsubsection.6.11.1.2}{\376\377\000R\000G\000B\000I\000m\000a\000g\000e\000T\000y\000p\000e}{subsection.6.11.1}% 268
\BOOKMARK [3][-]{subsubsection.6.11.1.3}{\376\377\000R\000G\000B\000P\000i\000x\000e\000l\000T\000y\000p\000e}{subsection.6.11.1}% 269
\BOOKMARK [1][-]{section.6.12}{\376\377\000Q\000V\000T\000K\000I\000m\000a\000g\000e\000W\000i\000d\000g\000e\000t\000C\000o\000m\000m\000a\000n\000d\000.\000c\000p\000p\000\040\000F\000i\000l\000e\000\040\000R\000e\000f\000e\000r\000e\000n\000c\000e}{chapter.6}% 270
\BOOKMARK [1][-]{section.6.13}{\376\377\000Q\000V\000T\000K\000I\000m\000a\000g\000e\000W\000i\000d\000g\000e\000t\000C\000o\000m\000m\000a\000n\000d\000.\000h\000\040\000F\000i\000l\000e\000\040\000R\000e\000f\000e\000r\000e\000n\000c\000e}{chapter.6}% 271
\BOOKMARK [1][-]{section.6.14}{\376\377\000V\000o\000l\000u\000m\000e\000R\000e\000c\000o\000n\000s\000t\000r\000u\000c\000t\000i\000o\000n\000.\000c\000p\000p\000\040\000F\000i\000l\000e\000\040\000R\000e\000f\000e\000r\000e\000n\000c\000e}{chapter.6}% 272
\BOOKMARK [1][-]{section.6.15}{\376\377\000V\000o\000l\000u\000m\000e\000R\000e\000c\000o\000n\000s\000t\000r\000u\000c\000t\000i\000o\000n\000.\000h\000\040\000F\000i\000l\000e\000\040\000R\000e\000f\000e\000r\000e\000n\000c\000e}{chapter.6}% 273
\BOOKMARK [1][-]{section.6.16}{\376\377\000V\000o\000l\000u\000m\000e\000R\000e\000c\000o\000n\000s\000t\000r\000u\000c\000t\000i\000o\000n\000W\000i\000d\000g\000e\000t\000.\000c\000p\000p\000\040\000F\000i\000l\000e\000\040\000R\000e\000f\000e\000r\000e\000n\000c\000e}{chapter.6}% 274
\BOOKMARK [1][-]{section.6.17}{\376\377\000V\000o\000l\000u\000m\000e\000R\000e\000c\000o\000n\000s\000t\000r\000u\000c\000t\000i\000o\000n\000W\000i\000d\000g\000e\000t\000.\000h\000\040\000F\000i\000l\000e\000\040\000R\000e\000f\000e\000r\000e\000n\000c\000e}{chapter.6}% 275
